{"D:\\Codecool_fullstack\\week_01\\jest-the-beginning\\simple\\declareWinner.js": {"path":"D:\\Codecool_fullstack\\week_01\\jest-the-beginning\\simple\\declareWinner.js","statementMap":{"0":{"start":{"line":4,"column":2},"end":{"line":10,"column":3}},"1":{"start":{"line":5,"column":4},"end":{"line":5,"column":27}},"2":{"start":{"line":6,"column":4},"end":{"line":6,"column":28}},"3":{"start":{"line":8,"column":4},"end":{"line":8,"column":27}},"4":{"start":{"line":9,"column":4},"end":{"line":9,"column":28}},"5":{"start":{"line":11,"column":2},"end":{"line":24,"column":3}},"6":{"start":{"line":11,"column":15},"end":{"line":11,"column":16}},"7":{"start":{"line":12,"column":17},"end":{"line":12,"column":27}},"8":{"start":{"line":13,"column":4},"end":{"line":23,"column":5}},"9":{"start":{"line":14,"column":6},"end":{"line":14,"column":80}},"10":{"start":{"line":15,"column":6},"end":{"line":17,"column":7}},"11":{"start":{"line":16,"column":8},"end":{"line":16,"column":32}},"12":{"start":{"line":19,"column":7},"end":{"line":19,"column":80}},"13":{"start":{"line":20,"column":6},"end":{"line":22,"column":7}},"14":{"start":{"line":21,"column":8},"end":{"line":21,"column":33}},"15":{"start":{"line":27,"column":0},"end":{"line":27,"column":30}}},"fnMap":{"0":{"name":"declareWinner","decl":{"start":{"line":1,"column":9},"end":{"line":1,"column":22}},"loc":{"start":{"line":1,"column":58},"end":{"line":25,"column":1}},"line":1}},"branchMap":{"0":{"loc":{"start":{"line":4,"column":2},"end":{"line":10,"column":3}},"type":"if","locations":[{"start":{"line":4,"column":2},"end":{"line":10,"column":3}},{"start":{"line":4,"column":2},"end":{"line":10,"column":3}}],"line":4},"1":{"loc":{"start":{"line":13,"column":4},"end":{"line":23,"column":5}},"type":"if","locations":[{"start":{"line":13,"column":4},"end":{"line":23,"column":5}},{"start":{"line":13,"column":4},"end":{"line":23,"column":5}}],"line":13},"2":{"loc":{"start":{"line":15,"column":6},"end":{"line":17,"column":7}},"type":"if","locations":[{"start":{"line":15,"column":6},"end":{"line":17,"column":7}},{"start":{"line":15,"column":6},"end":{"line":17,"column":7}}],"line":15},"3":{"loc":{"start":{"line":20,"column":6},"end":{"line":22,"column":7}},"type":"if","locations":[{"start":{"line":20,"column":6},"end":{"line":22,"column":7}},{"start":{"line":20,"column":6},"end":{"line":22,"column":7}}],"line":20}},"s":{"0":4,"1":2,"2":2,"3":2,"4":2,"5":4,"6":4,"7":30,"8":30,"9":16,"10":16,"11":2,"12":14,"13":14,"14":2,"15":1},"f":{"0":4},"b":{"0":[2,2],"1":[16,14],"2":[2,14],"3":[2,12]},"_coverageSchema":"1a1c01bbd47fc00a2c39e90264f33305004495a9","hash":"f732b4d27beac1ca5fe0732045da459e732d5e98"}
,"D:\\Codecool_fullstack\\week_01\\jest-the-beginning\\simple\\findUnique.js": {"path":"D:\\Codecool_fullstack\\week_01\\jest-the-beginning\\simple\\findUnique.js","statementMap":{"0":{"start":{"line":2,"column":20},"end":{"line":2,"column":30}},"1":{"start":{"line":3,"column":21},"end":{"line":3,"column":31}},"2":{"start":{"line":5,"column":2},"end":{"line":20,"column":3}},"3":{"start":{"line":6,"column":4},"end":{"line":6,"column":31}},"4":{"start":{"line":7,"column":4},"end":{"line":12,"column":5}},"5":{"start":{"line":7,"column":17},"end":{"line":7,"column":18}},"6":{"start":{"line":8,"column":26},"end":{"line":8,"column":36}},"7":{"start":{"line":9,"column":6},"end":{"line":11,"column":7}},"8":{"start":{"line":10,"column":8},"end":{"line":10,"column":28}},"9":{"start":{"line":14,"column":22},"end":{"line":14,"column":32}},"10":{"start":{"line":15,"column":4},"end":{"line":19,"column":5}},"11":{"start":{"line":16,"column":6},"end":{"line":16,"column":24}},"12":{"start":{"line":18,"column":6},"end":{"line":18,"column":25}},"13":{"start":{"line":23,"column":0},"end":{"line":23,"column":25}}},"fnMap":{"0":{"name":"findUniq","decl":{"start":{"line":1,"column":9},"end":{"line":1,"column":17}},"loc":{"start":{"line":1,"column":27},"end":{"line":21,"column":1}},"line":1}},"branchMap":{"0":{"loc":{"start":{"line":5,"column":2},"end":{"line":20,"column":3}},"type":"if","locations":[{"start":{"line":5,"column":2},"end":{"line":20,"column":3}},{"start":{"line":5,"column":2},"end":{"line":20,"column":3}}],"line":5},"1":{"loc":{"start":{"line":9,"column":6},"end":{"line":11,"column":7}},"type":"if","locations":[{"start":{"line":9,"column":6},"end":{"line":11,"column":7}},{"start":{"line":9,"column":6},"end":{"line":11,"column":7}}],"line":9},"2":{"loc":{"start":{"line":15,"column":4},"end":{"line":19,"column":5}},"type":"if","locations":[{"start":{"line":15,"column":4},"end":{"line":19,"column":5}},{"start":{"line":15,"column":4},"end":{"line":19,"column":5}}],"line":15}},"s":{"0":4,"1":4,"2":4,"3":2,"4":2,"5":2,"6":6,"7":6,"8":1,"9":2,"10":2,"11":1,"12":1,"13":1},"f":{"0":4},"b":{"0":[2,2],"1":[1,5],"2":[1,1]},"_coverageSchema":"1a1c01bbd47fc00a2c39e90264f33305004495a9","hash":"a7d8450140c484969c58bff4a5546a117f8aef37"}
,"D:\\Codecool_fullstack\\week_01\\jest-the-beginning\\simple\\gps.js": {"path":"D:\\Codecool_fullstack\\week_01\\jest-the-beginning\\simple\\gps.js","statementMap":{"0":{"start":{"line":2,"column":16},"end":{"line":2,"column":30}},"1":{"start":{"line":3,"column":15},"end":{"line":3,"column":17}},"2":{"start":{"line":4,"column":2},"end":{"line":11,"column":3}},"3":{"start":{"line":4,"column":15},"end":{"line":4,"column":16}},"4":{"start":{"line":5,"column":21},"end":{"line":5,"column":43}},"5":{"start":{"line":6,"column":4},"end":{"line":10,"column":5}},"6":{"start":{"line":7,"column":27},"end":{"line":7,"column":51}},"7":{"start":{"line":8,"column":21},"end":{"line":8,"column":48}},"8":{"start":{"line":9,"column":6},"end":{"line":9,"column":37}},"9":{"start":{"line":12,"column":12},"end":{"line":12,"column":13}},"10":{"start":{"line":13,"column":2},"end":{"line":17,"column":3}},"11":{"start":{"line":13,"column":15},"end":{"line":13,"column":16}},"12":{"start":{"line":14,"column":4},"end":{"line":16,"column":5}},"13":{"start":{"line":15,"column":6},"end":{"line":15,"column":21}},"14":{"start":{"line":18,"column":2},"end":{"line":18,"column":12}},"15":{"start":{"line":21,"column":0},"end":{"line":21,"column":20}}},"fnMap":{"0":{"name":"gps","decl":{"start":{"line":1,"column":9},"end":{"line":1,"column":12}},"loc":{"start":{"line":1,"column":43},"end":{"line":19,"column":1}},"line":1}},"branchMap":{"0":{"loc":{"start":{"line":6,"column":4},"end":{"line":10,"column":5}},"type":"if","locations":[{"start":{"line":6,"column":4},"end":{"line":10,"column":5}},{"start":{"line":6,"column":4},"end":{"line":10,"column":5}}],"line":6},"1":{"loc":{"start":{"line":14,"column":4},"end":{"line":16,"column":5}},"type":"if","locations":[{"start":{"line":14,"column":4},"end":{"line":16,"column":5}},{"start":{"line":14,"column":4},"end":{"line":16,"column":5}}],"line":14}},"s":{"0":4,"1":4,"2":4,"3":4,"4":24,"5":24,"6":20,"7":20,"8":20,"9":4,"10":4,"11":4,"12":20,"13":8,"14":4,"15":1},"f":{"0":4},"b":{"0":[20,4],"1":[8,12]},"_coverageSchema":"1a1c01bbd47fc00a2c39e90264f33305004495a9","hash":"c59ffb5b030f6282b7589dadd927489480f7f64e"}
,"D:\\Codecool_fullstack\\week_01\\jest-the-beginning\\simple\\maxDiff.js": {"path":"D:\\Codecool_fullstack\\week_01\\jest-the-beginning\\simple\\maxDiff.js","statementMap":{"0":{"start":{"line":2,"column":2},"end":{"line":4,"column":3}},"1":{"start":{"line":3,"column":4},"end":{"line":3,"column":12}},"2":{"start":{"line":6,"column":23},"end":{"line":6,"column":30}},"3":{"start":{"line":7,"column":22},"end":{"line":7,"column":29}},"4":{"start":{"line":9,"column":2},"end":{"line":17,"column":3}},"5":{"start":{"line":9,"column":15},"end":{"line":9,"column":16}},"6":{"start":{"line":10,"column":24},"end":{"line":10,"column":31}},"7":{"start":{"line":11,"column":4},"end":{"line":13,"column":5}},"8":{"start":{"line":12,"column":6},"end":{"line":12,"column":36}},"9":{"start":{"line":14,"column":4},"end":{"line":16,"column":5}},"10":{"start":{"line":15,"column":6},"end":{"line":15,"column":35}},"11":{"start":{"line":19,"column":2},"end":{"line":19,"column":39}},"12":{"start":{"line":22,"column":0},"end":{"line":22,"column":24}}},"fnMap":{"0":{"name":"maxDiff","decl":{"start":{"line":1,"column":9},"end":{"line":1,"column":16}},"loc":{"start":{"line":1,"column":23},"end":{"line":20,"column":1}},"line":1}},"branchMap":{"0":{"loc":{"start":{"line":2,"column":2},"end":{"line":4,"column":3}},"type":"if","locations":[{"start":{"line":2,"column":2},"end":{"line":4,"column":3}},{"start":{"line":2,"column":2},"end":{"line":4,"column":3}}],"line":2},"1":{"loc":{"start":{"line":2,"column":6},"end":{"line":2,"column":44}},"type":"binary-expr","locations":[{"start":{"line":2,"column":6},"end":{"line":2,"column":23}},{"start":{"line":2,"column":27},"end":{"line":2,"column":44}}],"line":2},"2":{"loc":{"start":{"line":11,"column":4},"end":{"line":13,"column":5}},"type":"if","locations":[{"start":{"line":11,"column":4},"end":{"line":13,"column":5}},{"start":{"line":11,"column":4},"end":{"line":13,"column":5}}],"line":11},"3":{"loc":{"start":{"line":14,"column":4},"end":{"line":16,"column":5}},"type":"if","locations":[{"start":{"line":14,"column":4},"end":{"line":16,"column":5}},{"start":{"line":14,"column":4},"end":{"line":16,"column":5}}],"line":14}},"s":{"0":4,"1":2,"2":2,"3":2,"4":2,"5":2,"6":12,"7":12,"8":1,"9":12,"10":2,"11":2,"12":1},"f":{"0":4},"b":{"0":[2,2],"1":[4,3],"2":[1,11],"3":[2,10]},"_coverageSchema":"1a1c01bbd47fc00a2c39e90264f33305004495a9","hash":"b0d30da794f8a8c8355329f58fff63ff402de68f"}
,"D:\\Codecool_fullstack\\week_01\\jest-the-beginning\\simple\\monkeyTalk.js": {"path":"D:\\Codecool_fullstack\\week_01\\jest-the-beginning\\simple\\monkeyTalk.js","statementMap":{"0":{"start":{"line":1,"column":0},"end":{"line":3,"column":1}},"1":{"start":{"line":2,"column":4},"end":{"line":2,"column":56}},"2":{"start":{"line":5,"column":19},"end":{"line":9,"column":21}},"3":{"start":{"line":5,"column":29},"end":{"line":9,"column":21}},"4":{"start":{"line":7,"column":15},"end":{"line":7,"column":59}},"5":{"start":{"line":11,"column":2},"end":{"line":11,"column":29}}},"fnMap":{"0":{"name":"(anonymous_0)","decl":{"start":{"line":1,"column":30},"end":{"line":1,"column":31}},"loc":{"start":{"line":1,"column":41},"end":{"line":3,"column":1}},"line":1},"1":{"name":"(anonymous_1)","decl":{"start":{"line":5,"column":19},"end":{"line":5,"column":20}},"loc":{"start":{"line":5,"column":29},"end":{"line":9,"column":21}},"line":5},"2":{"name":"(anonymous_2)","decl":{"start":{"line":7,"column":7},"end":{"line":7,"column":8}},"loc":{"start":{"line":7,"column":15},"end":{"line":7,"column":59}},"line":7}},"branchMap":{"0":{"loc":{"start":{"line":7,"column":15},"end":{"line":7,"column":59}},"type":"cond-expr","locations":[{"start":{"line":7,"column":46},"end":{"line":7,"column":51}},{"start":{"line":7,"column":54},"end":{"line":7,"column":59}}],"line":7}},"s":{"0":1,"1":2,"2":1,"3":2,"4":8,"5":1},"f":{"0":2,"1":2,"2":8},"b":{"0":[2,6]},"_coverageSchema":"1a1c01bbd47fc00a2c39e90264f33305004495a9","hash":"179c92b0c2cbebab4fe6ba63b40c057699ddc21a"}
,"D:\\Codecool_fullstack\\week_01\\jest-the-beginning\\simple\\palindromeChainLength.js": {"path":"D:\\Codecool_fullstack\\week_01\\jest-the-beginning\\simple\\palindromeChainLength.js","statementMap":{"0":{"start":{"line":1,"column":20},"end":{"line":7,"column":1}},"1":{"start":{"line":2,"column":23},"end":{"line":2,"column":34}},"2":{"start":{"line":3,"column":22},"end":{"line":3,"column":46}},"3":{"start":{"line":4,"column":30},"end":{"line":4,"column":53}},"4":{"start":{"line":5,"column":31},"end":{"line":5,"column":61}},"5":{"start":{"line":6,"column":2},"end":{"line":6,"column":41}},"6":{"start":{"line":9,"column":19},"end":{"line":12,"column":1}},"7":{"start":{"line":10,"column":23},"end":{"line":10,"column":44}},"8":{"start":{"line":11,"column":2},"end":{"line":11,"column":34}},"9":{"start":{"line":14,"column":28},"end":{"line":32,"column":1}},"10":{"start":{"line":15,"column":2},"end":{"line":17,"column":3}},"11":{"start":{"line":16,"column":4},"end":{"line":16,"column":12}},"12":{"start":{"line":19,"column":20},"end":{"line":19,"column":21}},"13":{"start":{"line":20,"column":19},"end":{"line":20,"column":25}},"14":{"start":{"line":21,"column":23},"end":{"line":21,"column":27}},"15":{"start":{"line":22,"column":2},"end":{"line":31,"column":3}},"16":{"start":{"line":22,"column":15},"end":{"line":22,"column":16}},"17":{"start":{"line":23,"column":4},"end":{"line":23,"column":17}},"18":{"start":{"line":24,"column":4},"end":{"line":24,"column":46}},"19":{"start":{"line":25,"column":27},"end":{"line":25,"column":54}},"20":{"start":{"line":26,"column":4},"end":{"line":30,"column":5}},"21":{"start":{"line":27,"column":6},"end":{"line":27,"column":24}},"22":{"start":{"line":29,"column":6},"end":{"line":29,"column":35}},"23":{"start":{"line":34,"column":0},"end":{"line":34,"column":38}}},"fnMap":{"0":{"name":"(anonymous_0)","decl":{"start":{"line":1,"column":20},"end":{"line":1,"column":21}},"loc":{"start":{"line":1,"column":37},"end":{"line":7,"column":1}},"line":1},"1":{"name":"(anonymous_1)","decl":{"start":{"line":9,"column":19},"end":{"line":9,"column":20}},"loc":{"start":{"line":9,"column":36},"end":{"line":12,"column":1}},"line":9},"2":{"name":"(anonymous_2)","decl":{"start":{"line":14,"column":28},"end":{"line":14,"column":29}},"loc":{"start":{"line":14,"column":45},"end":{"line":32,"column":1}},"line":14}},"branchMap":{"0":{"loc":{"start":{"line":15,"column":2},"end":{"line":17,"column":3}},"type":"if","locations":[{"start":{"line":15,"column":2},"end":{"line":17,"column":3}},{"start":{"line":15,"column":2},"end":{"line":17,"column":3}}],"line":15},"1":{"loc":{"start":{"line":26,"column":4},"end":{"line":30,"column":5}},"type":"if","locations":[{"start":{"line":26,"column":4},"end":{"line":30,"column":5}},{"start":{"line":26,"column":4},"end":{"line":30,"column":5}}],"line":26}},"s":{"0":1,"1":15,"2":15,"3":15,"4":15,"5":15,"6":1,"7":9,"8":9,"9":1,"10":3,"11":1,"12":2,"13":2,"14":2,"15":2,"16":2,"17":6,"18":6,"19":6,"20":6,"21":2,"22":4,"23":1},"f":{"0":15,"1":9,"2":3},"b":{"0":[1,2],"1":[2,4]},"_coverageSchema":"1a1c01bbd47fc00a2c39e90264f33305004495a9","hash":"0dcb4b577f7fb83454224aa417d2eb063321ba0e"}
,"D:\\Codecool_fullstack\\week_01\\jest-the-beginning\\simple\\uniqueInOrder.js": {"path":"D:\\Codecool_fullstack\\week_01\\jest-the-beginning\\simple\\uniqueInOrder.js","statementMap":{"0":{"start":{"line":1,"column":18},"end":{"line":15,"column":1}},"1":{"start":{"line":2,"column":15},"end":{"line":2,"column":17}},"2":{"start":{"line":3,"column":2},"end":{"line":13,"column":3}},"3":{"start":{"line":3,"column":15},"end":{"line":3,"column":16}},"4":{"start":{"line":4,"column":25},"end":{"line":4,"column":36}},"5":{"start":{"line":5,"column":25},"end":{"line":5,"column":48}},"6":{"start":{"line":6,"column":4},"end":{"line":12,"column":5}},"7":{"start":{"line":7,"column":6},"end":{"line":7,"column":33}},"8":{"start":{"line":9,"column":6},"end":{"line":11,"column":7}},"9":{"start":{"line":10,"column":8},"end":{"line":10,"column":35}},"10":{"start":{"line":14,"column":2},"end":{"line":14,"column":15}},"11":{"start":{"line":17,"column":0},"end":{"line":17,"column":30}}},"fnMap":{"0":{"name":"(anonymous_0)","decl":{"start":{"line":1,"column":18},"end":{"line":1,"column":19}},"loc":{"start":{"line":1,"column":36},"end":{"line":15,"column":1}},"line":1}},"branchMap":{"0":{"loc":{"start":{"line":6,"column":4},"end":{"line":12,"column":5}},"type":"if","locations":[{"start":{"line":6,"column":4},"end":{"line":12,"column":5}},{"start":{"line":6,"column":4},"end":{"line":12,"column":5}}],"line":6},"1":{"loc":{"start":{"line":9,"column":6},"end":{"line":11,"column":7}},"type":"if","locations":[{"start":{"line":9,"column":6},"end":{"line":11,"column":7}},{"start":{"line":9,"column":6},"end":{"line":11,"column":7}}],"line":9}},"s":{"0":1,"1":2,"2":2,"3":2,"4":7,"5":7,"6":7,"7":1,"8":6,"9":4,"10":2,"11":1},"f":{"0":2},"b":{"0":[1,6],"1":[4,2]},"_coverageSchema":"1a1c01bbd47fc00a2c39e90264f33305004495a9","hash":"494554bccc517aa8381637eedd501a943ecbb131"}
}
