TN:
SF:simple\declareWinner.js
FN:1,declareWinner
FNF:1
FNH:1
FNDA:4,declareWinner
DA:4,4
DA:5,2
DA:6,2
DA:8,2
DA:9,2
DA:11,4
DA:12,30
DA:13,30
DA:14,16
DA:15,16
DA:16,2
DA:19,14
DA:20,14
DA:21,2
DA:27,1
LF:15
LH:15
BRDA:4,0,0,2
BRDA:4,0,1,2
BRDA:13,1,0,16
BRDA:13,1,1,14
BRDA:15,2,0,2
BRDA:15,2,1,14
BRDA:20,3,0,2
BRDA:20,3,1,12
BRF:8
BRH:8
end_of_record
TN:
SF:simple\findUnique.js
FN:1,findUniq
FNF:1
FNH:1
FNDA:4,findUniq
DA:2,4
DA:3,4
DA:5,4
DA:6,2
DA:7,2
DA:8,6
DA:9,6
DA:10,1
DA:14,2
DA:15,2
DA:16,1
DA:18,1
DA:23,1
LF:13
LH:13
BRDA:5,0,0,2
BRDA:5,0,1,2
BRDA:9,1,0,1
BRDA:9,1,1,5
BRDA:15,2,0,1
BRDA:15,2,1,1
BRF:6
BRH:6
end_of_record
TN:
SF:simple\gps.js
FN:1,gps
FNF:1
FNH:1
FNDA:4,gps
DA:2,4
DA:3,4
DA:4,4
DA:5,24
DA:6,24
DA:7,20
DA:8,20
DA:9,20
DA:12,4
DA:13,4
DA:14,20
DA:15,8
DA:18,4
DA:21,1
LF:14
LH:14
BRDA:6,0,0,20
BRDA:6,0,1,4
BRDA:14,1,0,8
BRDA:14,1,1,12
BRF:4
BRH:4
end_of_record
TN:
SF:simple\maxDiff.js
FN:1,maxDiff
FNF:1
FNH:1
FNDA:4,maxDiff
DA:2,4
DA:3,2
DA:6,2
DA:7,2
DA:9,2
DA:10,12
DA:11,12
DA:12,1
DA:14,12
DA:15,2
DA:19,2
DA:22,1
LF:12
LH:12
BRDA:2,0,0,2
BRDA:2,0,1,2
BRDA:2,1,0,4
BRDA:2,1,1,3
BRDA:11,2,0,1
BRDA:11,2,1,11
BRDA:14,3,0,2
BRDA:14,3,1,10
BRF:8
BRH:8
end_of_record
TN:
SF:simple\monkeyTalk.js
FN:1,(anonymous_0)
FN:5,(anonymous_1)
FN:7,(anonymous_2)
FNF:3
FNH:3
FNDA:2,(anonymous_0)
FNDA:2,(anonymous_1)
FNDA:8,(anonymous_2)
DA:1,1
DA:2,2
DA:5,2
DA:7,8
DA:11,1
LF:5
LH:5
BRDA:7,0,0,2
BRDA:7,0,1,6
BRF:2
BRH:2
end_of_record
TN:
SF:simple\palindromeChainLength.js
FN:1,(anonymous_0)
FN:9,(anonymous_1)
FN:14,(anonymous_2)
FNF:3
FNH:3
FNDA:15,(anonymous_0)
FNDA:9,(anonymous_1)
FNDA:3,(anonymous_2)
DA:1,1
DA:2,15
DA:3,15
DA:4,15
DA:5,15
DA:6,15
DA:9,1
DA:10,9
DA:11,9
DA:14,1
DA:15,3
DA:16,1
DA:19,2
DA:20,2
DA:21,2
DA:22,2
DA:23,6
DA:24,6
DA:25,6
DA:26,6
DA:27,2
DA:29,4
DA:34,1
LF:23
LH:23
BRDA:15,0,0,1
BRDA:15,0,1,2
BRDA:26,1,0,2
BRDA:26,1,1,4
BRF:4
BRH:4
end_of_record
TN:
SF:simple\uniqueInOrder.js
FN:1,(anonymous_0)
FNF:1
FNH:1
FNDA:2,(anonymous_0)
DA:1,1
DA:2,2
DA:3,2
DA:4,7
DA:5,7
DA:6,7
DA:7,1
DA:9,6
DA:10,4
DA:14,2
DA:17,1
LF:11
LH:11
BRDA:6,0,0,1
BRDA:6,0,1,6
BRDA:9,1,0,4
BRDA:9,1,1,2
BRF:4
BRH:4
end_of_record
